Started GET "/" for 127.0.0.1 at 2022-12-20 10:16:17 -0300
  [1m[36mActiveRecord::SchemaMigration Pluck (21.0ms)[0m  [1m[34mSELECT "schema_migrations"."version" FROM "schema_migrations" ORDER BY "schema_migrations"."version" ASC[0m
Processing by PagesController#home as HTML
  Rendering layout layouts/application.html.erb
  Rendering pages/home.html.erb within layouts/application
  Rendered pages/home.html.erb within layouts/application (Duration: 12.8ms | Allocations: 2886)
  Rendered layout layouts/application.html.erb (Duration: 19.7ms | Allocations: 10050)
Completed 500 Internal Server Error in 28ms (ActiveRecord: 0.0ms | Allocations: 13631)


  
ActionView::Template::Error (The asset "jquery.js" is not present in the asset pipeline.
):
    10:   <%= csrf_meta_tags %>
    11:   <%= csp_meta_tag %>
    12: 
    13:   <%= javascript_include_tag :jquery, :jquery_ujs, "data-turbo-track": "reload" %>
    14:   <%= javascript_include_tag "application", "data-turbo-track": "reload", defer: true %>
    15: 
    16:   <%= stylesheet_link_tag "application", "data-turbo-track": "reload" %>
  
app/views/layouts/application.html.erb:13
Started GET "/" for 127.0.0.1 at 2022-12-20 10:17:29 -0300
  [1m[36mActiveRecord::SchemaMigration Pluck (0.6ms)[0m  [1m[34mSELECT "schema_migrations"."version" FROM "schema_migrations" ORDER BY "schema_migrations"."version" ASC[0m
Processing by PagesController#home as HTML
  Rendering layout layouts/application.html.erb
  Rendering pages/home.html.erb within layouts/application
  Rendered pages/home.html.erb within layouts/application (Duration: 2.1ms | Allocations: 1452)
  Rendered layout layouts/application.html.erb (Duration: 693.6ms | Allocations: 204024)
Completed 200 OK in 700ms (Views: 695.8ms | ActiveRecord: 0.0ms | Allocations: 206455)


